

*******************************************************************************
* Report  : Area                                                              *
* Command : analyze_area >                                                    *
*         : /headless/Desktop/digitial/digital_env/Work/SYN/report/area.rpt   *
* Design  : mac16_dualmode                                                    *
* Version : 2506_4e37.rel                                                     *
* Date    : 12:20 PM, 23-Apr-26                                               *
*******************************************************************************
*******************************************************************************
* Legend :                                                                    *
* (M): subdesign                                                              *
* (B): black_box                                                              *
* (C): combinational cell                                                     *
* (S): sequential cell                                                        *
*******************************************************************************


=================================================================
Design: mac16_dualmode

Instance type                           Instances     Instance(%)
-----------------------------------------------------------------
Combinational library cell instances:         855           79.09
    - Buffer instances:                        (0)         ( 0.00)
    - Inverter instances:                     (19)         ( 1.76)
    - Other instances:                       (836)         (77.34)
Sequential library cell instances:            226           20.91
-----------------------------------------------------------------
Total instances:                             1081          100.00

Total number of black_box instances:            2

Instance type                       Instance Area         Area(%)
-----------------------------------------------------------------
Combinational library cell area:          2027.16           45.96
    - Buffer cell area:                     (0.00)         ( 0.00)
    - Inverter cell area:                  (20.52)         ( 0.47)
    - Other cell area:                   (2006.64)         (45.50)
Sequential library cell area:             2383.20           54.04
-----------------------------------------------------------------
Total library cell area:                  4410.36          100.00

Net area:                               undefined

Total area:                               4410.36
=================================================================

=================================================================
 Library                                Instances     Instance(%)
-----------------------------------------------------------------
 ics55_LLSC_H9CR_ff_cbest_1p32_125                 1081          100.00
=================================================================

===============================================================================
 Gate                   Type  Counts         Area        Area Sum  Library
-------------------------------------------------------------------------------
 AND2X0P5H9R             (C)      19         1.80           34.20  ics55_LLSC_H9CR_ff_cbest_1p32_125
 AND3X1H9R               (C)       1         2.52            2.52  ics55_LLSC_H9CR_ff_cbest_1p32_125
 AND4X0P5H9R             (C)       4         2.88           11.52  ics55_LLSC_H9CR_ff_cbest_1p32_125
 AO21X0P5H9R             (C)       7         2.88           20.16  ics55_LLSC_H9CR_ff_cbest_1p32_125
 AO22X0P5H9R             (C)      91         3.24          294.84  ics55_LLSC_H9CR_ff_cbest_1p32_125
 AOA211X2H9R             (C)       1         4.68            4.68  ics55_LLSC_H9CR_ff_cbest_1p32_125
 AOAI211X0P5H9R          (C)       4         3.96           15.84  ics55_LLSC_H9CR_ff_cbest_1p32_125
 AOI211X0P5H9R           (C)      12         2.52           30.24  ics55_LLSC_H9CR_ff_cbest_1p32_125
 AOI211X1H9R             (C)       1         2.52            2.52  ics55_LLSC_H9CR_ff_cbest_1p32_125
 AOI21BX0P5H9R           (C)       2         2.88            5.76  ics55_LLSC_H9CR_ff_cbest_1p32_125
 AOI21X0P5H9R            (C)      30         2.16           64.80  ics55_LLSC_H9CR_ff_cbest_1p32_125
 AOI21X1H9R              (C)       8         2.16           17.28  ics55_LLSC_H9CR_ff_cbest_1p32_125
 AOI221X0P5H9R           (C)       1         3.24            3.24  ics55_LLSC_H9CR_ff_cbest_1p32_125
 AOI222X0P5H9R           (C)       2         3.96            7.92  ics55_LLSC_H9CR_ff_cbest_1p32_125
 AOI22X0P5H9R            (C)      29         2.52           73.08  ics55_LLSC_H9CR_ff_cbest_1p32_125
 AOI2XB1X0P5H9R          (C)       1         2.88            2.88  ics55_LLSC_H9CR_ff_cbest_1p32_125
 AOI31X0P5H9R            (C)      11         2.52           27.72  ics55_LLSC_H9CR_ff_cbest_1p32_125
 AOI31X1H9R              (C)       7         2.52           17.64  ics55_LLSC_H9CR_ff_cbest_1p32_125
 AOI32X0P5H9R            (C)      18         2.88           51.84  ics55_LLSC_H9CR_ff_cbest_1p32_125
 CGENCONAX1H9R           (C)       9         2.88           25.92  ics55_LLSC_H9CR_ff_cbest_1p32_125
 CGENX1H9R               (C)       3         3.60           10.80  ics55_LLSC_H9CR_ff_cbest_1p32_125
 DFFRQX2H9R              (S)     155        10.44         1618.20  ics55_LLSC_H9CR_ff_cbest_1p32_125
 DFFRX1H9R               (S)      69        10.80          745.20  ics55_LLSC_H9CR_ff_cbest_1p32_125
 DFFRX2H9R               (S)       1        10.80           10.80  ics55_LLSC_H9CR_ff_cbest_1p32_125
 DFFSQX1H9R              (S)       1         9.00            9.00  ics55_LLSC_H9CR_ff_cbest_1p32_125
 INVX0P5H9R              (C)      11         1.08           11.88  ics55_LLSC_H9CR_ff_cbest_1p32_125
 INVX1H9R                (C)       8         1.08            8.64  ics55_LLSC_H9CR_ff_cbest_1p32_125
 MUXIT2X0P5H9R           (C)      31         3.24          100.44  ics55_LLSC_H9CR_ff_cbest_1p32_125
 NAND2BX0P5H9R           (C)       4         2.16            8.64  ics55_LLSC_H9CR_ff_cbest_1p32_125
 NAND2BX1H9R             (C)       2         2.16            4.32  ics55_LLSC_H9CR_ff_cbest_1p32_125
 NAND2X0P5H9R            (C)      74         1.44          106.56  ics55_LLSC_H9CR_ff_cbest_1p32_125
 NAND2X1H9R              (C)      37         1.44           53.28  ics55_LLSC_H9CR_ff_cbest_1p32_125
 NAND3BX0P5H9R           (C)       4         2.52           10.08  ics55_LLSC_H9CR_ff_cbest_1p32_125
 NAND3X0P5H9R            (C)       4         2.16            8.64  ics55_LLSC_H9CR_ff_cbest_1p32_125
 NAND3X1H9R              (C)       2         2.16            4.32  ics55_LLSC_H9CR_ff_cbest_1p32_125
 NAND4BX0P5H9R           (C)       1         2.88            2.88  ics55_LLSC_H9CR_ff_cbest_1p32_125
 NAND4X0P5H9R            (C)       2         2.52            5.04  ics55_LLSC_H9CR_ff_cbest_1p32_125
 NAND4X1H9R              (C)       1         2.52            2.52  ics55_LLSC_H9CR_ff_cbest_1p32_125
 NOR2BX0P5H9R            (C)       6         2.16           12.96  ics55_LLSC_H9CR_ff_cbest_1p32_125
 NOR2BX1H9R              (C)      10         2.16           21.60  ics55_LLSC_H9CR_ff_cbest_1p32_125
 NOR2X0P5H9R             (C)      40         1.44           57.60  ics55_LLSC_H9CR_ff_cbest_1p32_125
 NOR2X1H9R               (C)      14         1.44           20.16  ics55_LLSC_H9CR_ff_cbest_1p32_125
 NOR2XBX1H9R             (C)       2         2.16            4.32  ics55_LLSC_H9CR_ff_cbest_1p32_125
 NOR3X0P5H9R             (C)       4         2.16            8.64  ics55_LLSC_H9CR_ff_cbest_1p32_125
 NOR3X1H9R               (C)       3         2.16            6.48  ics55_LLSC_H9CR_ff_cbest_1p32_125
 OA211X0P5H9R            (C)       3         3.24            9.72  ics55_LLSC_H9CR_ff_cbest_1p32_125
 OA21X0P5H9R             (C)       3         2.88            8.64  ics55_LLSC_H9CR_ff_cbest_1p32_125
 OAI211X0P5H9R           (C)      21         2.52           52.92  ics55_LLSC_H9CR_ff_cbest_1p32_125
 OAI211X1H9R             (C)      22         2.52           55.44  ics55_LLSC_H9CR_ff_cbest_1p32_125
 OAI21BX0P5H9R           (C)       2         2.88            5.76  ics55_LLSC_H9CR_ff_cbest_1p32_125
 OAI21X0P5H9R            (C)      23         2.16           49.68  ics55_LLSC_H9CR_ff_cbest_1p32_125
 OAI21X1H9R              (C)       1         2.16            2.16  ics55_LLSC_H9CR_ff_cbest_1p32_125
 OAI221X0P5H9R           (C)       2         3.24            6.48  ics55_LLSC_H9CR_ff_cbest_1p32_125
 OAI222X0P5H9R           (C)       2         3.96            7.92  ics55_LLSC_H9CR_ff_cbest_1p32_125
 OAI22X0P5H9R            (C)      62         2.52          156.24  ics55_LLSC_H9CR_ff_cbest_1p32_125
 OAI22X1H9R              (C)     100         2.52          252.00  ics55_LLSC_H9CR_ff_cbest_1p32_125
 OAI2XB1X0P5H9R          (C)       3         2.52            7.56  ics55_LLSC_H9CR_ff_cbest_1p32_125
 OAI31X0P5H9R            (C)      28         2.52           70.56  ics55_LLSC_H9CR_ff_cbest_1p32_125
 OAO211X0P5H9R           (C)       1         4.32            4.32  ics55_LLSC_H9CR_ff_cbest_1p32_125
 OAOI211X0P5H9R          (C)       3         3.96           11.88  ics55_LLSC_H9CR_ff_cbest_1p32_125
 OR2X0P5H9R              (C)      32         1.80           57.60  ics55_LLSC_H9CR_ff_cbest_1p32_125
 OR3X0P5H9R              (C)       2         2.52            5.04  ics55_LLSC_H9CR_ff_cbest_1p32_125
 TIELOX1H9R              (C)       1         1.44            1.44  ics55_LLSC_H9CR_ff_cbest_1p32_125
 XNOR2X0P5H9R            (C)       6         3.24           19.44  ics55_LLSC_H9CR_ff_cbest_1p32_125
 XNOR2X0P7H9R            (C)       6         3.24           19.44  ics55_LLSC_H9CR_ff_cbest_1p32_125
 XNOR3X0P5H9R            (C)       1         6.12            6.12  ics55_LLSC_H9CR_ff_cbest_1p32_125
 XOR2X0P5H9R             (C)       6         3.24           19.44  ics55_LLSC_H9CR_ff_cbest_1p32_125
 XOR2X0P7H9R             (C)       4         3.24           12.96  ics55_LLSC_H9CR_ff_cbest_1p32_125
 wallace_8to2_24bit      (B)       1         0.00            0.00
 cla_24bit               (B)       1         0.00            0.00
===============================================================================

